Flow report for gates2
Wed Mar 04 20:36:16 2020
Quartus Prime Version 18.1.0 Build 625 09/12/2018 SJ Lite Edition


---------------------
; Table of Contents ;
---------------------
  1. EDA Netlist Writer Summary
  2. EDA Netlist Writer Summary
  3. Legal Notice
  4. Flow Summary
  5. Flow Settings
  6. Flow Non-Default Global Settings
  7. Flow Elapsed Time
  8. Flow OS Summary
  9. Flow Log
 10. Flow Messages
 11. Flow Suppressed Messages



+-------------------------------------------------------------------+
; EDA Netlist Writer Summary                                        ;
+---------------------------+---------------------------------------+
; EDA Netlist Writer Status ; Successful - Wed Mar 04 20:36:16 2020 ;
; Revision Name             ; gates2                                ;
; Top-level Entity Name     ; gates2                                ;
; Family                    ; Cyclone IV E                          ;
; Simulation Files Creation ; Successful                            ;
+---------------------------+---------------------------------------+


+-------------------------------------------------------------------------+
; EDA Netlist Writer Summary                                              ;
+---------------------------+---------------------------------------------+
; EDA Netlist Writer Status ; Successful - Wed Mar 04 20:35:19 2020       ;
; Revision Name             ; gates2                                      ;
; Top-level Entity Name     ; gates2                                      ;
; Family                    ; Cyclone IV E                                ;
; Simulation Files Creation ; Successful                                  ;
; Flow Status               ; Successful - Wed Mar 04 20:36:16 2020       ;
; Quartus Prime Version     ; 18.1.0 Build 625 09/12/2018 SJ Lite Edition ;
+---------------------------+---------------------------------------------+


----------------
; Legal Notice ;
----------------
Copyright (C) 2018  Intel Corporation. All rights reserved.
Your use of Intel Corporation's design tools, logic functions 
and other software and tools, and its AMPP partner logic 
functions, and any output files from any of the foregoing 
(including device programming or simulation files), and any 
associated documentation or information are expressly subject 
to the terms and conditions of the Intel Program License 
Subscription Agreement, the Intel Quartus Prime License Agreement,
the Intel FPGA IP License Agreement, or other applicable license
agreement, including, without limitation, that your use is for
the sole purpose of programming logic devices manufactured by
Intel and sold by Intel or its authorized distributors.  Please
refer to the applicable agreement for further details.



+----------------------------------------------------------------------------------+
; Flow Summary                                                                     ;
+------------------------------------+---------------------------------------------+
; Flow Status                        ; Successful - Wed Mar 04 20:35:19 2020       ;
; Quartus Prime Version              ; 18.1.0 Build 625 09/12/2018 SJ Lite Edition ;
; Revision Name                      ; gates2                                      ;
; Top-level Entity Name              ; gates2                                      ;
; Family                             ; Cyclone IV E                                ;
; Device                             ; EP4CE22F17C6                                ;
; Timing Models                      ; Final                                       ;
; Total logic elements               ; 3 / 22,320 ( < 1 % )                        ;
;     Total combinational functions  ; 3 / 22,320 ( < 1 % )                        ;
;     Dedicated logic registers      ; 0 / 22,320 ( 0 % )                          ;
; Total registers                    ; 0                                           ;
; Total pins                         ; 10 / 154 ( 6 % )                            ;
; Total virtual pins                 ; 0                                           ;
; Total memory bits                  ; 0 / 608,256 ( 0 % )                         ;
; Embedded Multiplier 9-bit elements ; 0 / 132 ( 0 % )                             ;
; Total PLLs                         ; 0 / 4 ( 0 % )                               ;
+------------------------------------+---------------------------------------------+


+-----------------------------------------+
; Flow Settings                           ;
+-------------------+---------------------+
; Option            ; Setting             ;
+-------------------+---------------------+
; Start date & time ; 03/04/2020 20:34:43 ;
; Main task         ; Compilation         ;
; Revision Name     ; gates2              ;
+-------------------+---------------------+


+-------------------------------------------------------------------------------------------------------------------------------------------+
; Flow Non-Default Global Settings                                                                                                          ;
+---------------------------------------------------+----------------------------------------+---------------+-------------+----------------+
; Assignment Name                                   ; Value                                  ; Default Value ; Entity Name ; Section Id     ;
+---------------------------------------------------+----------------------------------------+---------------+-------------+----------------+
; COMPILER_SIGNATURE_ID                             ; 929340611211.158335048210608           ; --            ; --          ; --             ;
; EDA_GENERATE_FUNCTIONAL_NETLIST                   ; On                                     ; --            ; --          ; eda_simulation ;
; EDA_GENERATE_GATE_LEVEL_SIMULATION_COMMAND_SCRIPT ; On                                     ; --            ; --          ; eda_simulation ;
; EDA_GENERATE_RTL_SIMULATION_COMMAND_SCRIPT        ; On                                     ; --            ; --          ; eda_simulation ;
; EDA_NETLIST_WRITER_OUTPUT_DIR                     ; E:/VLSI/Lab3/Proyecto2                 ; --            ; --          ; eda_simulation ;
; EDA_OUTPUT_DATA_FORMAT                            ; Vhdl                                   ; --            ; --          ; eda_simulation ;
; EDA_SIMULATION_TOOL                               ; ModelSim-Altera (VHDL)                 ; <None>        ; --          ; --             ;
; EDA_TIME_SCALE                                    ; 1 ps                                   ; --            ; --          ; eda_simulation ;
; MAX_CORE_JUNCTION_TEMP                            ; 85                                     ; --            ; --          ; --             ;
; MIN_CORE_JUNCTION_TEMP                            ; 0                                      ; --            ; --          ; --             ;
; PARTITION_COLOR                                   ; -- (Not supported for targeted family) ; --            ; --          ; Top            ;
; PARTITION_FITTER_PRESERVATION_LEVEL               ; -- (Not supported for targeted family) ; --            ; --          ; Top            ;
; PARTITION_NETLIST_TYPE                            ; -- (Not supported for targeted family) ; --            ; --          ; Top            ;
; POWER_BOARD_THERMAL_MODEL                         ; None (CONSERVATIVE)                    ; --            ; --          ; --             ;
; POWER_PRESET_COOLING_SOLUTION                     ; 23 MM HEAT SINK WITH 200 LFPM AIRFLOW  ; --            ; --          ; --             ;
; PROJECT_OUTPUT_DIRECTORY                          ; output_files                           ; --            ; --          ; --             ;
+---------------------------------------------------+----------------------------------------+---------------+-------------+----------------+


+--------------------------------------------------------------------------------------------------------------------------+
; Flow Elapsed Time                                                                                                        ;
+----------------------+--------------+-------------------------+---------------------+------------------------------------+
; Module Name          ; Elapsed Time ; Average Processors Used ; Peak Virtual Memory ; Total CPU Time (on all processors) ;
+----------------------+--------------+-------------------------+---------------------+------------------------------------+
; Analysis & Synthesis ; 00:00:12     ; 1.0                     ; 4792 MB             ; 00:00:19                           ;
; Fitter               ; 00:00:08     ; 1.0                     ; 5647 MB             ; 00:00:04                           ;
; Assembler            ; 00:00:02     ; 1.0                     ; 4678 MB             ; 00:00:01                           ;
; Timing Analyzer      ; 00:00:03     ; 1.0                     ; 4805 MB             ; 00:00:01                           ;
; EDA Netlist Writer   ; 00:00:03     ; 1.0                     ; 4645 MB             ; 00:00:02                           ;
; EDA Netlist Writer   ; 00:00:00     ; 1.0                     ; 4629 MB             ; 00:00:00                           ;
; EDA Netlist Writer   ; 00:00:02     ; 1.0                     ; 4644 MB             ; 00:00:00                           ;
; Total                ; 00:00:30     ; --                      ; --                  ; 00:00:27                           ;
+----------------------+--------------+-------------------------+---------------------+------------------------------------+


+------------------------------------------------------------------------------------+
; Flow OS Summary                                                                    ;
+----------------------+------------------+------------+------------+----------------+
; Module Name          ; Machine Hostname ; OS Name    ; OS Version ; Processor type ;
+----------------------+------------------+------------+------------+----------------+
; Analysis & Synthesis ; DESKTOP-02RTBVI  ; Windows 10 ; 10.0       ; x86_64         ;
; Fitter               ; DESKTOP-02RTBVI  ; Windows 10 ; 10.0       ; x86_64         ;
; Assembler            ; DESKTOP-02RTBVI  ; Windows 10 ; 10.0       ; x86_64         ;
; Timing Analyzer      ; DESKTOP-02RTBVI  ; Windows 10 ; 10.0       ; x86_64         ;
; EDA Netlist Writer   ; DESKTOP-02RTBVI  ; Windows 10 ; 10.0       ; x86_64         ;
; EDA Netlist Writer   ; DESKTOP-02RTBVI  ; Windows 10 ; 10.0       ; x86_64         ;
; EDA Netlist Writer   ; DESKTOP-02RTBVI  ; Windows 10 ; 10.0       ; x86_64         ;
+----------------------+------------------+------------+------------+----------------+


------------
; Flow Log ;
------------
quartus_map --read_settings_files=on --write_settings_files=off gates2 -c gates2
quartus_fit --read_settings_files=off --write_settings_files=off gates2 -c gates2
quartus_asm --read_settings_files=off --write_settings_files=off gates2 -c gates2
quartus_sta gates2 -c gates2
quartus_eda --read_settings_files=off --write_settings_files=off gates2 -c gates2
quartus_eda --gen_testbench --tool=modelsim_oem --format=vhdl --write_settings_files=off gates2 -c gates2 --vector_source=E:/VLSI/Lab3/Proyecto2/Waveform1.vwf --testbench_file=E:/VLSI/Lab3/Proyecto2/simulation/qsim/Waveform1.vwf.vht
quartus_eda --write_settings_files=off --simulation=on --functional=on --flatten_buses=off --tool=modelsim_oem --format=vhdl --output_directory=E:/VLSI/Lab3/Proyecto2/simulation/qsim/ gates2 -c gates2



